<!DOCTYPE html PUBLIC "-//W3C//DTD XHTML 1.1//EN" "https://www.w3.org/TR/xhtml11/DTD/xhtml11.dtd">
<html xmlns="https://www.w3.org/1999/xhtml">
<head>
<meta http-equiv="content-type" content="text/html; charset=UTF-8"/>
<title>TestNG Report</title>
<style type="text/css">table {margin-bottom:10px;border-collapse:collapse;empty-cells:show}th,td {border:1px solid #009;padding:.25em .5em}th {vertical-align:bottom}td {vertical-align:top}table a {font-weight:bold}.stripe td {background-color: #E6EBF9}.num {text-align:right}.passedodd td {background-color: #3F3}.passedeven td {background-color: #0A0}.skippedodd td {background-color: #DDD}.skippedeven td {background-color: #CCC}.failedodd td,.attn {background-color: #F33}.failedeven td,.stripe .attn {background-color: #D00}.stacktrace {white-space:pre;font-family:monospace}.totop {font-size:85%;text-align:center;border-bottom:2px solid #000}.invisible {display:none}</style>
</head>
<body>
<table>
<tr><th>Test</th><th># Passed</th><th># Skipped</th><th># Retried</th><th># Failed</th><th>Time (ms)</th><th>Included Groups</th><th>Excluded Groups</th></tr>
<tr><th colspan="8">Flipkart online shopping application</th></tr>
<tr><td><a href="#t0">Online shopping test automation</a></td><td class="num">8</td><td class="num">0</td><td class="num">0</td><td class="num attn">2</td><td class="num">185,785</td><td></td><td></td></tr>
</table>
<table id='summary'><thead><tr><th>Class</th><th>Method</th><th>Start</th><th>Time (ms)</th></tr></thead><tbody><tr><th colspan="4">Flipkart online shopping application</th></tr></tbody><tbody id="t0"><tr><th colspan="4">Online shopping test automation &#8212; failed</th></tr><tr class="failedeven"><td rowspan="1">com.testcases.Homepage</td><td><a href="#m0">navigate_home_page_test</a></td><td rowspan="1">1597638578944</td><td rowspan="1">15509</td></tr><tr class="failedodd"><td rowspan="1">com.testcases.loginpage</td><td><a href="#m1">mytest</a></td><td rowspan="1">1597638556366</td><td rowspan="1">6</td></tr><tr><th colspan="4">Online shopping test automation &#8212; passed</th></tr><tr class="passedeven"><td rowspan="1">com.testcases.Homepage</td><td><a href="#m2">validate_homepage_logo</a></td><td rowspan="1">1597638567236</td><td rowspan="1">119</td></tr><tr class="passedodd"><td rowspan="4">com.testcases.Mobile</td><td><a href="#m3">get_text_test</a></td><td rowspan="1">1597638639129</td><td rowspan="1">105</td></tr><tr class="passedodd"><td><a href="#m4">go_to_test</a></td><td rowspan="1">1597638689260</td><td rowspan="1">3223</td></tr><tr class="passedodd"><td><a href="#m5">search_method_test</a></td><td rowspan="1">1597638664558</td><td rowspan="1">2413</td></tr><tr class="passedodd"><td><a href="#m6">validate_mobilepage_title</a></td><td rowspan="1">1597638616397</td><td rowspan="1">13</td></tr><tr class="passedeven"><td rowspan="3">com.testcases.loginpage</td><td><a href="#m7">getmytitle</a></td><td rowspan="1">1597638523501</td><td rowspan="1">88</td></tr><tr class="passedeven"><td><a href="#m8">loginapp</a></td><td rowspan="1">1597638544891</td><td rowspan="1">806</td></tr><tr class="passedeven"><td><a href="#m9">validatemylogo</a></td><td rowspan="1">1597638534053</td><td rowspan="1">226</td></tr></tbody>
</table>
<h2>Online shopping test automation</h2><h3 id="m0">com.testcases.Homepage#navigate_home_page_test</h3><table class="result"><tr><th>Exception</th></tr><tr><td><div class="stacktrace">org.openqa.selenium.ElementNotInteractableException: element not interactable
  (Session info: chrome=84.0.4147.125)
Build info: version: &apos;3.141.59&apos;, revision: &apos;e82be7d358&apos;, time: &apos;2018-11-14T08:17:03&apos;
System info: host: &apos;LAPTOP-QS5U4P3G&apos;, ip: &apos;100.64.105.236&apos;, os.name: &apos;Windows 10&apos;, os.arch: &apos;amd64&apos;, os.version: &apos;10.0&apos;, java.version: &apos;1.8.0_261&apos;
Driver info: org.openqa.selenium.chrome.ChromeDriver
Capabilities {acceptInsecureCerts: false, browserName: chrome, browserVersion: 84.0.4147.125, chrome: {chromedriverVersion: 83.0.4103.39 (ccbf011cb2d2b..., userDataDir: C:\Users\SAGAR\AppData\Loca...}, goog:chromeOptions: {debuggerAddress: localhost:56314}, javascriptEnabled: true, networkConnectionEnabled: false, pageLoadStrategy: normal, platform: WINDOWS, platformName: WINDOWS, proxy: Proxy(), setWindowRect: true, strictFileInteractability: false, timeouts: {implicit: 0, pageLoad: 300000, script: 30000}, unhandledPromptBehavior: dismiss and notify, webauthn:virtualAuthenticators: true}
Session ID: 163e9e2bb323579e2de92cc99cc44601
	at org.openqa.selenium.remote.http.W3CHttpResponseCodec.createException(W3CHttpResponseCodec.java:187)
	at org.openqa.selenium.remote.http.W3CHttpResponseCodec.decode(W3CHttpResponseCodec.java:122)
	at org.openqa.selenium.remote.http.W3CHttpResponseCodec.decode(W3CHttpResponseCodec.java:49)
	at org.openqa.selenium.remote.HttpCommandExecutor.execute(HttpCommandExecutor.java:158)
	at org.openqa.selenium.remote.service.DriverCommandExecutor.execute(DriverCommandExecutor.java:83)
	at org.openqa.selenium.remote.RemoteWebDriver.execute(RemoteWebDriver.java:552)
	at org.openqa.selenium.remote.RemoteWebElement.execute(RemoteWebElement.java:285)
	at org.openqa.selenium.remote.RemoteWebElement.click(RemoteWebElement.java:84)
	at org.openqa.selenium.support.pagefactory.internal.LocatingElementHandler.invoke(LocatingElementHandler.java:51)
	at com.sun.proxy.$Proxy11.click(Unknown Source)
	at com.pages.myhomepage.moveelement(myhomepage.java:39)
	at com.testcases.Homepage.navigate_home_page_test(Homepage.java:54)
	at java.util.ArrayList.forEach(Unknown Source)
... Removed 35 stack frames</div></td></tr></table><p class="totop"><a href="#summary">back to summary</a></p>
<h3 id="m1">com.testcases.loginpage#mytest</h3><table class="result"><tr><th>Exception</th></tr><tr><td><div class="stacktrace">java.lang.AssertionError: expected [true] but found [false]
	at com.testcases.loginpage.mytest(loginpage.java:64)
	at java.util.ArrayList.forEach(Unknown Source)
... Removed 31 stack frames</div></td></tr></table><p class="totop"><a href="#summary">back to summary</a></p>
<h3 id="m2">com.testcases.Homepage#validate_homepage_logo</h3><table class="result"><tr><th class="invisible"/></tr></table><p class="totop"><a href="#summary">back to summary</a></p>
<h3 id="m3">com.testcases.Mobile#get_text_test</h3><table class="result"><tr><th class="invisible"/></tr></table><p class="totop"><a href="#summary">back to summary</a></p>
<h3 id="m4">com.testcases.Mobile#go_to_test</h3><table class="result"><tr><th class="invisible"/></tr></table><p class="totop"><a href="#summary">back to summary</a></p>
<h3 id="m5">com.testcases.Mobile#search_method_test</h3><table class="result"><tr><th class="invisible"/></tr></table><p class="totop"><a href="#summary">back to summary</a></p>
<h3 id="m6">com.testcases.Mobile#validate_mobilepage_title</h3><table class="result"><tr><th class="invisible"/></tr></table><p class="totop"><a href="#summary">back to summary</a></p>
<h3 id="m7">com.testcases.loginpage#getmytitle</h3><table class="result"><tr><th class="invisible"/></tr></table><p class="totop"><a href="#summary">back to summary</a></p>
<h3 id="m8">com.testcases.loginpage#loginapp</h3><table class="result"><tr><th class="invisible"/></tr></table><p class="totop"><a href="#summary">back to summary</a></p>
<h3 id="m9">com.testcases.loginpage#validatemylogo</h3><table class="result"><tr><th class="invisible"/></tr></table><p class="totop"><a href="#summary">back to summary</a></p>
</body>
</html>
